  AI.cpp
C:\Users\25806\Desktop\暑期实训（五子棋游戏）\暑期实训（五子棋游戏）\暑期实训（五子棋游戏）\AI.cpp(1,1): warning C4819: 该文件包含不能在当前代码页(936)中表示的字符。请将该文件保存为 Unicode 格式以防止数据丢失
C:\Users\25806\Desktop\暑期实训（五子棋游戏）\暑期实训（五子棋游戏）\暑期实训（五子棋游戏）\AI.h(1,1): warning C4819: 该文件包含不能在当前代码页(936)中表示的字符。请将该文件保存为 Unicode 格式以防止数据丢失
  (编译源文件“AI.cpp”)
  
C:\Users\25806\Desktop\暑期实训（五子棋游戏）\暑期实训（五子棋游戏）\暑期实训（五子棋游戏）\ChessPos.h(1,1): warning C4819: 该文件包含不能在当前代码页(936)中表示的字符。请将该文件保存为 Unicode 格式以防止数据丢失
  (编译源文件“AI.cpp”)
  
C:\Users\25806\Desktop\暑期实训（五子棋游戏）\暑期实训（五子棋游戏）\暑期实训（五子棋游戏）\Chess.h(1,1): warning C4819: 该文件包含不能在当前代码页(936)中表示的字符。请将该文件保存为 Unicode 格式以防止数据丢失
  (编译源文件“AI.cpp”)
  
  Chess.cpp
C:\Users\25806\Desktop\暑期实训（五子棋游戏）\暑期实训（五子棋游戏）\暑期实训（五子棋游戏）\Chess.cpp(1,1): warning C4819: 该文件包含不能在当前代码页(936)中表示的字符。请将该文件保存为 Unicode 格式以防止数据丢失
C:\Users\25806\Desktop\暑期实训（五子棋游戏）\暑期实训（五子棋游戏）\暑期实训（五子棋游戏）\Chess.h(1,1): warning C4819: 该文件包含不能在当前代码页(936)中表示的字符。请将该文件保存为 Unicode 格式以防止数据丢失
  (编译源文件“Chess.cpp”)
  
C:\Users\25806\Desktop\暑期实训（五子棋游戏）\暑期实训（五子棋游戏）\暑期实训（五子棋游戏）\ChessPos.h(1,1): warning C4819: 该文件包含不能在当前代码页(936)中表示的字符。请将该文件保存为 Unicode 格式以防止数据丢失
  (编译源文件“Chess.cpp”)
  
C:\Users\25806\Desktop\暑期实训（五子棋游戏）\暑期实训（五子棋游戏）\暑期实训（五子棋游戏）\Chess.cpp(92,63): warning C4244: “参数”: 从“float”转换到“int”，可能丢失数据
C:\Users\25806\Desktop\暑期实训（五子棋游戏）\暑期实训（五子棋游戏）\暑期实训（五子棋游戏）\Chess.cpp(92,23): warning C4244: “参数”: 从“float”转换到“int”，可能丢失数据
C:\Users\25806\Desktop\暑期实训（五子棋游戏）\暑期实训（五子棋游戏）\暑期实训（五子棋游戏）\Chess.cpp(91,33): warning C4244: “参数”: 从“float”转换到“int”，可能丢失数据
C:\Users\25806\Desktop\暑期实训（五子棋游戏）\暑期实训（五子棋游戏）\暑期实训（五子棋游戏）\Chess.cpp(98,49): warning C4244: “参数”: 从“float”转换到“int”，可能丢失数据
C:\Users\25806\Desktop\暑期实训（五子棋游戏）\暑期实训（五子棋游戏）\暑期实训（五子棋游戏）\Chess.cpp(98,23): warning C4244: “参数”: 从“float”转换到“int”，可能丢失数据
C:\Users\25806\Desktop\暑期实训（五子棋游戏）\暑期实训（五子棋游戏）\暑期实训（五子棋游戏）\Chess.cpp(97,23): warning C4244: “参数”: 从“float”转换到“int”，可能丢失数据
C:\Users\25806\Desktop\暑期实训（五子棋游戏）\暑期实训（五子棋游戏）\暑期实训（五子棋游戏）\Chess.cpp(104,57): warning C4244: “参数”: 从“float”转换到“int”，可能丢失数据
C:\Users\25806\Desktop\暑期实训（五子棋游戏）\暑期实训（五子棋游戏）\暑期实训（五子棋游戏）\Chess.cpp(104,26): warning C4244: “参数”: 从“float”转换到“int”，可能丢失数据
C:\Users\25806\Desktop\暑期实训（五子棋游戏）\暑期实训（五子棋游戏）\暑期实训（五子棋游戏）\Chess.cpp(124,13): warning C4244: “初始化”: 从“float”转换到“int”，可能丢失数据
C:\Users\25806\Desktop\暑期实训（五子棋游戏）\暑期实训（五子棋游戏）\暑期实训（五子棋游戏）\Chess.cpp(125,13): warning C4244: “初始化”: 从“float”转换到“int”，可能丢失数据
C:\Users\25806\Desktop\暑期实训（五子棋游戏）\暑期实训（五子棋游戏）\暑期实训（五子棋游戏）\Chess.cpp(126,21): warning C4244: “初始化”: 从“float”转换到“int”，可能丢失数据
C:\Users\25806\Desktop\暑期实训（五子棋游戏）\暑期实训（五子棋游戏）\暑期实训（五子棋游戏）\Chess.cpp(127,21): warning C4244: “初始化”: 从“float”转换到“int”，可能丢失数据
C:\Users\25806\Desktop\暑期实训（五子棋游戏）\暑期实训（五子棋游戏）\暑期实训（五子棋游戏）\Chess.cpp(128,16): warning C4244: “初始化”: 从“double”转换到“int”，可能丢失数据
C:\Users\25806\Desktop\暑期实训（五子棋游戏）\暑期实训（五子棋游戏）\暑期实训（五子棋游戏）\Chess.cpp(134,19): warning C4244: “=”: 从“double”转换到“int”，可能丢失数据
C:\Users\25806\Desktop\暑期实训（五子棋游戏）\暑期实训（五子棋游戏）\暑期实训（五子棋游戏）\Chess.cpp(145,16): warning C4244: “初始化”: 从“float”转换到“int”，可能丢失数据
C:\Users\25806\Desktop\暑期实训（五子棋游戏）\暑期实训（五子棋游戏）\暑期实训（五子棋游戏）\Chess.cpp(147,19): warning C4244: “=”: 从“double”转换到“int”，可能丢失数据
C:\Users\25806\Desktop\暑期实训（五子棋游戏）\暑期实训（五子棋游戏）\暑期实训（五子棋游戏）\Chess.cpp(159,26): warning C4244: “=”: 从“float”转换到“int”，可能丢失数据
C:\Users\25806\Desktop\暑期实训（五子棋游戏）\暑期实训（五子棋游戏）\暑期实训（五子棋游戏）\Chess.cpp(160,19): warning C4244: “=”: 从“double”转换到“int”，可能丢失数据
C:\Users\25806\Desktop\暑期实训（五子棋游戏）\暑期实训（五子棋游戏）\暑期实训（五子棋游戏）\Chess.cpp(171,26): warning C4244: “=”: 从“float”转换到“int”，可能丢失数据
C:\Users\25806\Desktop\暑期实训（五子棋游戏）\暑期实训（五子棋游戏）\暑期实训（五子棋游戏）\Chess.cpp(172,26): warning C4244: “=”: 从“float”转换到“int”，可能丢失数据
C:\Users\25806\Desktop\暑期实训（五子棋游戏）\暑期实训（五子棋游戏）\暑期实训（五子棋游戏）\Chess.cpp(173,19): warning C4244: “=”: 从“double”转换到“int”，可能丢失数据
C:\Users\25806\Desktop\暑期实训（五子棋游戏）\暑期实训（五子棋游戏）\暑期实训（五子棋游戏）\Chess.cpp(195,11): warning C4244: “初始化”: 从“float”转换到“int”，可能丢失数据
C:\Users\25806\Desktop\暑期实训（五子棋游戏）\暑期实训（五子棋游戏）\暑期实训（五子棋游戏）\Chess.cpp(196,11): warning C4244: “初始化”: 从“float”转换到“int”，可能丢失数据
C:\Users\25806\Desktop\暑期实训（五子棋游戏）\暑期实训（五子棋游戏）\暑期实训（五子棋游戏）\Chess.cpp(197,16): warning C4244: “初始化”: 从“float”转换到“int”，可能丢失数据
  ChessGame.cpp
C:\Users\25806\Desktop\暑期实训（五子棋游戏）\暑期实训（五子棋游戏）\暑期实训（五子棋游戏）\ChessGame.cpp(1,1): warning C4819: 该文件包含不能在当前代码页(936)中表示的字符。请将该文件保存为 Unicode 格式以防止数据丢失
C:\Users\25806\Desktop\暑期实训（五子棋游戏）\暑期实训（五子棋游戏）\暑期实训（五子棋游戏）\ChessGame.h(1,1): warning C4819: 该文件包含不能在当前代码页(936)中表示的字符。请将该文件保存为 Unicode 格式以防止数据丢失
  (编译源文件“ChessGame.cpp”)
  
C:\Users\25806\Desktop\暑期实训（五子棋游戏）\暑期实训（五子棋游戏）\暑期实训（五子棋游戏）\Man.h(1,1): warning C4819: 该文件包含不能在当前代码页(936)中表示的字符。请将该文件保存为 Unicode 格式以防止数据丢失
  (编译源文件“ChessGame.cpp”)
  
C:\Users\25806\Desktop\暑期实训（五子棋游戏）\暑期实训（五子棋游戏）\暑期实训（五子棋游戏）\AI.h(1,1): warning C4819: 该文件包含不能在当前代码页(936)中表示的字符。请将该文件保存为 Unicode 格式以防止数据丢失
  (编译源文件“ChessGame.cpp”)
  
C:\Users\25806\Desktop\暑期实训（五子棋游戏）\暑期实训（五子棋游戏）\暑期实训（五子棋游戏）\ChessPos.h(1,1): warning C4819: 该文件包含不能在当前代码页(936)中表示的字符。请将该文件保存为 Unicode 格式以防止数据丢失
  (编译源文件“ChessGame.cpp”)
  
C:\Users\25806\Desktop\暑期实训（五子棋游戏）\暑期实训（五子棋游戏）\暑期实训（五子棋游戏）\Chess.h(1,1): warning C4819: 该文件包含不能在当前代码页(936)中表示的字符。请将该文件保存为 Unicode 格式以防止数据丢失
  (编译源文件“ChessGame.cpp”)
  
  main.cpp
C:\Users\25806\Desktop\暑期实训（五子棋游戏）\暑期实训（五子棋游戏）\暑期实训（五子棋游戏）\main.cpp(1,1): warning C4819: 该文件包含不能在当前代码页(936)中表示的字符。请将该文件保存为 Unicode 格式以防止数据丢失
C:\Users\25806\Desktop\暑期实训（五子棋游戏）\暑期实训（五子棋游戏）\暑期实训（五子棋游戏）\ChessGame.h(1,1): warning C4819: 该文件包含不能在当前代码页(936)中表示的字符。请将该文件保存为 Unicode 格式以防止数据丢失
  (编译源文件“main.cpp”)
  
C:\Users\25806\Desktop\暑期实训（五子棋游戏）\暑期实训（五子棋游戏）\暑期实训（五子棋游戏）\Man.h(1,1): warning C4819: 该文件包含不能在当前代码页(936)中表示的字符。请将该文件保存为 Unicode 格式以防止数据丢失
  (编译源文件“main.cpp”)
  
C:\Users\25806\Desktop\暑期实训（五子棋游戏）\暑期实训（五子棋游戏）\暑期实训（五子棋游戏）\AI.h(1,1): warning C4819: 该文件包含不能在当前代码页(936)中表示的字符。请将该文件保存为 Unicode 格式以防止数据丢失
  (编译源文件“main.cpp”)
  
C:\Users\25806\Desktop\暑期实训（五子棋游戏）\暑期实训（五子棋游戏）\暑期实训（五子棋游戏）\ChessPos.h(1,1): warning C4819: 该文件包含不能在当前代码页(936)中表示的字符。请将该文件保存为 Unicode 格式以防止数据丢失
  (编译源文件“main.cpp”)
  
C:\Users\25806\Desktop\暑期实训（五子棋游戏）\暑期实训（五子棋游戏）\暑期实训（五子棋游戏）\Chess.h(1,1): warning C4819: 该文件包含不能在当前代码页(936)中表示的字符。请将该文件保存为 Unicode 格式以防止数据丢失
  (编译源文件“main.cpp”)
  
C:\Users\25806\Desktop\暑期实训（五子棋游戏）\暑期实训（五子棋游戏）\暑期实训（五子棋游戏）\main.cpp(14,29): warning C4305: “参数”: 从“double”到“float”截断
  Man.cpp
C:\Users\25806\Desktop\暑期实训（五子棋游戏）\暑期实训（五子棋游戏）\暑期实训（五子棋游戏）\Man.cpp(1,1): warning C4819: 该文件包含不能在当前代码页(936)中表示的字符。请将该文件保存为 Unicode 格式以防止数据丢失
C:\Users\25806\Desktop\暑期实训（五子棋游戏）\暑期实训（五子棋游戏）\暑期实训（五子棋游戏）\Man.h(1,1): warning C4819: 该文件包含不能在当前代码页(936)中表示的字符。请将该文件保存为 Unicode 格式以防止数据丢失
  (编译源文件“Man.cpp”)
  
C:\Users\25806\Desktop\暑期实训（五子棋游戏）\暑期实训（五子棋游戏）\暑期实训（五子棋游戏）\Chess.h(1,1): warning C4819: 该文件包含不能在当前代码页(936)中表示的字符。请将该文件保存为 Unicode 格式以防止数据丢失
  (编译源文件“Man.cpp”)
  
C:\Users\25806\Desktop\暑期实训（五子棋游戏）\暑期实训（五子棋游戏）\暑期实训（五子棋游戏）\ChessPos.h(1,1): warning C4819: 该文件包含不能在当前代码页(936)中表示的字符。请将该文件保存为 Unicode 格式以防止数据丢失
  (编译源文件“Man.cpp”)
  
  正在生成代码...
  暑期实训（五子棋游戏）.vcxproj -> C:\Users\25806\Desktop\暑期实训（五子棋游戏）\暑期实训（五子棋游戏）\x64\Debug\暑期实训（五子棋游戏）.exe
